<?xml version="1.0" encoding="UTF-8"?>
<!-- Generated by org.testng.reporters.JUnitReportReporter -->
<testsuite hostname="LAPTOP-VCPRD6IJ" failures="0" tests="3" name="TestNGtotorials.DemoTestN" time="0.006" errors="0" timestamp="2025-03-12T14:02:46 IST" skipped="0">
  <testcase classname="TestNGtotorials.DemoTestN" name="f" time="0.004"/>
  <testcase classname="TestNGtotorials.DemoTestN" name="f2" time="0.001"/>
  <testcase classname="TestNGtotorials.DemoTestN" name="f1" time="0.001"/>
</testsuite> <!-- TestNGtotorials.DemoTestN -->
