<?xml version="1.0" encoding="UTF-8"?>
<!-- Generated by org.testng.reporters.JUnitReportReporter -->
<testsuite hostname="LAPTOP-VCPRD6IJ" failures="0" tests="3" name="TestNGtotorials.NewTest33" time="14.691" errors="0" timestamp="2025-03-12T16:25:13 IST" skipped="0">
  <testcase classname="TestNGtotorials.NewTest33" name="f" time="4.726"/>
  <testcase classname="TestNGtotorials.NewTest33" name="f1" time="3.760"/>
  <testcase classname="TestNGtotorials.NewTest33" name="f2" time="6.205"/>
</testsuite> <!-- TestNGtotorials.NewTest33 -->
