<?xml version="1.0" encoding="UTF-8"?>
<!-- Generated by org.testng.reporters.JUnitReportReporter -->
<testsuite hostname="LAPTOP-VCPRD6IJ" failures="0" tests="1" name="TestNGtotorials.NewTestNG222" time="0.006" errors="0" timestamp="2025-03-12T14:31:13 IST" skipped="0">
  <testcase classname="TestNGtotorials.NewTestNG222" name="f" time="0.006"/>
</testsuite> <!-- TestNGtotorials.NewTestNG222 -->
